<?xml version="1.0" encoding="UTF-8"?>
<testsuite xmlns:xsi="http://www.w3.org/2001/XMLSchema-instance" xsi:noNamespaceSchemaLocation="https://maven.apache.org/surefire/maven-surefire-plugin/xsd/surefire-test-report-3.0.xsd" version="3.0" name="com.example.demo.MockitoCreationExamplesTest" time="0.683" tests="8" errors="0" skipped="0" failures="0">
  <properties>
    <property name="java.specification.version" value="17"/>
    <property name="sun.cpu.isalist" value="amd64"/>
    <property name="sun.jnu.encoding" value="MS949"/>
    <property name="java.class.path" value="C:\Edu\TDD\my-app\target\test-classes;C:\Edu\TDD\my-app\target\classes;C:\Users\minju\.m2\repository\org\junit\jupiter\junit-jupiter\5.11.0\junit-jupiter-5.11.0.jar;C:\Users\minju\.m2\repository\org\junit\jupiter\junit-jupiter-api\5.11.0\junit-jupiter-api-5.11.0.jar;C:\Users\minju\.m2\repository\org\opentest4j\opentest4j\1.3.0\opentest4j-1.3.0.jar;C:\Users\minju\.m2\repository\org\junit\platform\junit-platform-commons\1.11.0\junit-platform-commons-1.11.0.jar;C:\Users\minju\.m2\repository\org\apiguardian\apiguardian-api\1.1.2\apiguardian-api-1.1.2.jar;C:\Users\minju\.m2\repository\org\junit\jupiter\junit-jupiter-params\5.11.0\junit-jupiter-params-5.11.0.jar;C:\Users\minju\.m2\repository\org\junit\jupiter\junit-jupiter-engine\5.11.0\junit-jupiter-engine-5.11.0.jar;C:\Users\minju\.m2\repository\org\junit\platform\junit-platform-engine\1.11.0\junit-platform-engine-1.11.0.jar;C:\Users\minju\.m2\repository\org\mockito\mockito-core\5.11.0\mockito-core-5.11.0.jar;C:\Users\minju\.m2\repository\net\bytebuddy\byte-buddy\1.14.12\byte-buddy-1.14.12.jar;C:\Users\minju\.m2\repository\net\bytebuddy\byte-buddy-agent\1.14.12\byte-buddy-agent-1.14.12.jar;C:\Users\minju\.m2\repository\org\objenesis\objenesis\3.3\objenesis-3.3.jar;C:\Users\minju\.m2\repository\org\mockito\mockito-junit-jupiter\5.11.0\mockito-junit-jupiter-5.11.0.jar;C:\Users\minju\.m2\repository\org\assertj\assertj-core\3.24.2\assertj-core-3.24.2.jar;"/>
    <property name="java.vm.vendor" value="Eclipse Adoptium"/>
    <property name="sun.arch.data.model" value="64"/>
    <property name="user.variant" value=""/>
    <property name="java.vendor.url" value="https://adoptium.net/"/>
    <property name="user.timezone" value="Asia/Seoul"/>
    <property name="os.name" value="Windows 11"/>
    <property name="java.vm.specification.version" value="17"/>
    <property name="sun.java.launcher" value="SUN_STANDARD"/>
    <property name="user.country" value="KR"/>
    <property name="sun.boot.library.path" value="C:\Program Files\Eclipse Adoptium\jdk-17.0.16.8-hotspot\bin"/>
    <property name="sun.java.command" value="C:\Users\minju\AppData\Local\Temp\surefire17507779561180037967\surefirebooter-20250918171138311_3.jar C:\Users\minju\AppData\Local\Temp\surefire17507779561180037967 2025-09-18T17-11-38_108-jvmRun1 surefire-20250918171138311_1tmp surefire_0-20250918171138311_2tmp"/>
    <property name="jdk.debug" value="release"/>
    <property name="surefire.test.class.path" value="C:\Edu\TDD\my-app\target\test-classes;C:\Edu\TDD\my-app\target\classes;C:\Users\minju\.m2\repository\org\junit\jupiter\junit-jupiter\5.11.0\junit-jupiter-5.11.0.jar;C:\Users\minju\.m2\repository\org\junit\jupiter\junit-jupiter-api\5.11.0\junit-jupiter-api-5.11.0.jar;C:\Users\minju\.m2\repository\org\opentest4j\opentest4j\1.3.0\opentest4j-1.3.0.jar;C:\Users\minju\.m2\repository\org\junit\platform\junit-platform-commons\1.11.0\junit-platform-commons-1.11.0.jar;C:\Users\minju\.m2\repository\org\apiguardian\apiguardian-api\1.1.2\apiguardian-api-1.1.2.jar;C:\Users\minju\.m2\repository\org\junit\jupiter\junit-jupiter-params\5.11.0\junit-jupiter-params-5.11.0.jar;C:\Users\minju\.m2\repository\org\junit\jupiter\junit-jupiter-engine\5.11.0\junit-jupiter-engine-5.11.0.jar;C:\Users\minju\.m2\repository\org\junit\platform\junit-platform-engine\1.11.0\junit-platform-engine-1.11.0.jar;C:\Users\minju\.m2\repository\org\mockito\mockito-core\5.11.0\mockito-core-5.11.0.jar;C:\Users\minju\.m2\repository\net\bytebuddy\byte-buddy\1.14.12\byte-buddy-1.14.12.jar;C:\Users\minju\.m2\repository\net\bytebuddy\byte-buddy-agent\1.14.12\byte-buddy-agent-1.14.12.jar;C:\Users\minju\.m2\repository\org\objenesis\objenesis\3.3\objenesis-3.3.jar;C:\Users\minju\.m2\repository\org\mockito\mockito-junit-jupiter\5.11.0\mockito-junit-jupiter-5.11.0.jar;C:\Users\minju\.m2\repository\org\assertj\assertj-core\3.24.2\assertj-core-3.24.2.jar;"/>
    <property name="sun.cpu.endian" value="little"/>
    <property name="user.home" value="C:\Users\minju"/>
    <property name="user.language" value="ko"/>
    <property name="java.specification.vendor" value="Oracle Corporation"/>
    <property name="java.version.date" value="2025-07-15"/>
    <property name="java.home" value="C:\Program Files\Eclipse Adoptium\jdk-17.0.16.8-hotspot"/>
    <property name="file.separator" value="\"/>
    <property name="basedir" value="C:\Edu\TDD\my-app"/>
    <property name="java.vm.compressedOopsMode" value="Zero based"/>
    <property name="line.separator" value="&#10;"/>
    <property name="java.vm.specification.vendor" value="Oracle Corporation"/>
    <property name="java.specification.name" value="Java Platform API Specification"/>
    <property name="surefire.real.class.path" value="C:\Users\minju\AppData\Local\Temp\surefire17507779561180037967\surefirebooter-20250918171138311_3.jar"/>
    <property name="user.script" value=""/>
    <property name="sun.management.compiler" value="HotSpot 64-Bit Tiered Compilers"/>
    <property name="java.runtime.version" value="17.0.16+8"/>
    <property name="user.name" value="minju"/>
    <property name="path.separator" value=";"/>
    <property name="os.version" value="10.0"/>
    <property name="java.runtime.name" value="OpenJDK Runtime Environment"/>
    <property name="file.encoding" value="MS949"/>
    <property name="java.vm.name" value="OpenJDK 64-Bit Server VM"/>
    <property name="java.vendor.version" value="Temurin-17.0.16+8"/>
    <property name="localRepository" value="C:\Users\minju\.m2\repository"/>
    <property name="java.vendor.url.bug" value="https://github.com/adoptium/adoptium-support/issues"/>
    <property name="java.io.tmpdir" value="C:\Users\minju\AppData\Local\Temp\"/>
    <property name="java.version" value="17.0.16"/>
    <property name="user.dir" value="C:\Edu\TDD\my-app"/>
    <property name="os.arch" value="amd64"/>
    <property name="java.vm.specification.name" value="Java Virtual Machine Specification"/>
    <property name="sun.os.patch.level" value=""/>
    <property name="native.encoding" value="MS949"/>
    <property name="java.library.path" value="C:\Program Files\Eclipse Adoptium\jdk-17.0.16.8-hotspot\bin;C:\WINDOWS\Sun\Java\bin;C:\WINDOWS\system32;C:\WINDOWS;C:\app\oracle\21c\dbhomeXE\bin;C:\app\product\21c\dbhomeXE\bin;C:\Program Files\Eclipse Adoptium\jdk-17.0.16.8-hotspot\bin;C:\WINDOWS\system32;C:\WINDOWS;C:\WINDOWS\System32\Wbem;C:\WINDOWS\System32\WindowsPowerShell\v1.0\;C:\WINDOWS\System32\OpenSSH\;C:\Program Files\Eclipse Adoptium\jdk-17.0.16.8-hotspot\bin;C:\Program Files\apache-maven-3.9.11\bin;C:\Program Files\dotnet\;C:\Program Files\Microsoft VS Code\bin;C:\Users\minju\AppData\Local\Programs\Python\Python313;C:\Users\minju\AppData\Local\Programs\Python\Python313\Scripts;c:\venvs;C:\Program Files\nodejs\;c:\OpenSSL-Win64\bin;C:\Users\minju\AppData\Local\Programs\Python\Python313\Scripts\;C:\Users\minju\AppData\Local\Programs\Python\Python313\;C:\Users\minju\AppData\Local\Programs\Python\Python311\Scripts\;C:\Users\minju\AppData\Local\Programs\Python\Python311\;C:\Users\minju\AppData\Local\Programs\Python\Python312\Scripts\;C:\Users\minju\AppData\Local\Programs\Python\Python312\;C:\Users\minju\AppData\Local\Microsoft\WindowsApps;C:\Users\minju\AppData\Roaming\npm;C:\Program Files\JetBrains\IntelliJ IDEA 2025.2.1\bin;."/>
    <property name="java.vm.info" value="mixed mode, sharing"/>
    <property name="java.vendor" value="Eclipse Adoptium"/>
    <property name="java.vm.version" value="17.0.16+8"/>
    <property name="java.specification.maintenance.version" value="1"/>
    <property name="sun.io.unicode.encoding" value="UnicodeLittle"/>
    <property name="java.class.version" value="61.0"/>
  </properties>
  <testcase name="basic_mock_creation_with_Mockito_mock" classname="com.example.demo.MockitoCreationExamplesTest" time="0.107">
    <system-out><![CDATA[
▶ [테스트 시작] 직접 mock() 호출 → findById 동작 검증
]]></system-out>
  </testcase>
  <testcase name="annotation_based_mock_and_injection" classname="com.example.demo.MockitoCreationExamplesTest" time="0.017">
    <system-out><![CDATA[
▶ [테스트 시작] UserService.register() → 저장/메일 호출 검증
]]></system-out>
  </testcase>
  <testcase name="mock_with_defaultAnswer_and_name" classname="com.example.demo.MockitoCreationExamplesTest" time="0.045">
    <system-out><![CDATA[
▶ [테스트 시작] withSettings 옵션 → 이름 부여, SMART_NULLS 사용
]]></system-out>
  </testcase>
  <testcase name="argument_captor_and_matchers" classname="com.example.demo.MockitoCreationExamplesTest" time="0.008">
    <system-out><![CDATA[
▶ [테스트 시작] ArgumentCaptor → 전달된 메일 값 검증
]]></system-out>
  </testcase>
  <testcase name="spy_creation_partial_mock" classname="com.example.demo.MockitoCreationExamplesTest" time="0.349">
    <system-out><![CDATA[
▶ [테스트 시작] spy 사용 → 실제 동작 + 일부만 스텁
]]></system-out>
  </testcase>
  <testcase name="static_method_mocking_try_with_resources" classname="com.example.demo.MockitoCreationExamplesTest" time="0.039">
    <system-out><![CDATA[
▶ [테스트 시작] 정적 메서드 모킹 (try-with-resources)
➡️ 블록 내: KR 세율 0.20
➡️ 블록 외: KR 세율 원래 값 0.10
]]></system-out>
  </testcase>
  <testcase name="bdd_style_given_when_then" classname="com.example.demo.MockitoCreationExamplesTest" time="0.056">
    <system-out><![CDATA[
▶ [테스트 시작] BDD 스타일 → given/when/then
]]></system-out>
  </testcase>
  <testcase name="withSettings_and_deep_stubs" classname="com.example.demo.MockitoCreationExamplesTest" time="0.049">
    <system-out><![CDATA[
▶ [테스트 시작] RETURNS_DEEP_STUBS → 체이닝된 mock 호출
]]></system-out>
  </testcase>
</testsuite>